[debug] [2022-12-06T14:19:54.416Z] ----------------------------------------------------------------------
[debug] [2022-12-06T14:19:54.421Z] Command:       C:\Program Files\nodejs\node.exe C:\Users\pc\AppData\Roaming\npm\node_modules\firebase-tools\lib\bin\firebase.js init
[debug] [2022-12-06T14:19:54.422Z] CLI Version:   11.16.1
[debug] [2022-12-06T14:19:54.422Z] Platform:      win32
[debug] [2022-12-06T14:19:54.422Z] Node Version:  v19.0.1
[debug] [2022-12-06T14:19:54.422Z] Time:          Tue Dec 06 2022 15:19:54 GMT+0100 (heure normale d’Europe centrale)
[debug] [2022-12-06T14:19:54.423Z] ----------------------------------------------------------------------
[debug] 
[debug] [2022-12-06T14:19:54.537Z] > command requires scopes: ["email","openid","https://www.googleapis.com/auth/cloudplatformprojects.readonly","https://www.googleapis.com/auth/firebase","https://www.googleapis.com/auth/cloud-platform"]
[debug] [2022-12-06T14:19:54.538Z] > authorizing via signed-in user (bentibaali3@gmail.com)
[info] 
     ######## #### ########  ######## ########     ###     ######  ########
     ##        ##  ##     ## ##       ##     ##  ##   ##  ##       ##
     ######    ##  ########  ######   ########  #########  ######  ######
     ##        ##  ##    ##  ##       ##     ## ##     ##       ## ##
     ##       #### ##     ## ######## ########  ##     ##  ######  ########

You're about to initialize a Firebase project in this directory:

  C:\Users\pc\Desktop\discord\discord\Discord-Clone

Before we get started, keep in mind:

  * You are initializing within an existing Firebase project directory

[info] 
=== Project Setup
[info] 
[info] First, let's associate this project directory with a Firebase project.
[info] You can create multiple project aliases by running firebase use --add, 
[info] but for now we'll just set up a default project.
[info] 
[debug] [2022-12-06T14:20:01.247Z] Using project from CLI flag: clone-c058b
[debug] [2022-12-06T14:20:01.251Z] >>> [apiv2][query] GET https://firebase.googleapis.com/v1beta1/projects/clone-c058b [none]
[debug] [2022-12-06T14:20:02.022Z] <<< [apiv2][status] GET https://firebase.googleapis.com/v1beta1/projects/clone-c058b 200
[debug] [2022-12-06T14:20:02.023Z] <<< [apiv2][body] GET https://firebase.googleapis.com/v1beta1/projects/clone-c058b {"projectId":"clone-c058b","projectNumber":"515285431940","displayName":"Clone","name":"projects/clone-c058b","resources":{"hostingSite":"clone-c058b","realtimeDatabaseInstance":"clone-c058b-default-rtdb"},"state":"ACTIVE","etag":"1_6d2b6e28-beb5-4a87-a634-1a80edad9d4f"}
[info] i  Using project clone-c058b (Clone) 
[info] 
=== Hosting Setup
[info] 
[info] Your public directory is the folder (relative to your project directory) that
[info] will contain Hosting assets to be uploaded with firebase deploy. If you
[info] have a build process for your assets, use your build's output directory.
[info] 
[debug] [2022-12-06T14:20:20.848Z] >>> [apiv2][query] GET https://www.gstatic.com/firebasejs/releases.json [none]
[debug] [2022-12-06T14:20:21.255Z] <<< [apiv2][status] GET https://www.gstatic.com/firebasejs/releases.json 200
[debug] [2022-12-06T14:20:21.255Z] <<< [apiv2][body] GET https://www.gstatic.com/firebasejs/releases.json {"current":{"version":"9.14.0","browserURL":"https://www.gstatic.com/firebasejs/9.14.0/firebase.js","packageURL":"https://www.gstatic.com/firebasejs/9.14.0/firebase.tgz"},"live":{"version":"9.14","browserURL":"https://www.gstatic.com/firebasejs/live/9.14/firebase.js","packageURL":"https://www.gstatic.com/firebasejs/live/9.14/firebase.tgz"},"components":{"analytics":"https://www.gstatic.com/firebasejs/9.14.0/firebase-analytics.js","app":"https://www.gstatic.com/firebasejs/9.14.0/firebase-app.js","app-check":"https://www.gstatic.com/firebasejs/9.14.0/firebase-app-check.js","auth":"https://www.gstatic.com/firebasejs/9.14.0/firebase-auth.js","auth/cordova":"https://www.gstatic.com/firebasejs/9.14.0/firebase-auth/cordova.js","auth/react-native":"https://www.gstatic.com/firebasejs/9.14.0/firebase-auth/react-native.js","functions":"https://www.gstatic.com/firebasejs/9.14.0/firebase-functions.js","firestore":"https://www.gstatic.com/firebasejs/9.14.0/firebase-firestore.js","firestore/lite":"https://www.gstatic.com/firebasejs/9.14.0/firebase-firestore/lite.js","installations":"https://www.gstatic.com/firebasejs/9.14.0/firebase-installations.js","storage":"https://www.gstatic.com/firebasejs/9.14.0/firebase-storage.js","performance":"https://www.gstatic.com/firebasejs/9.14.0/firebase-performance.js","remote-config":"https://www.gstatic.com/firebasejs/9.14.0/firebase-remote-config.js","messaging":"https://www.gstatic.com/firebasejs/9.14.0/firebase-messaging.js","messaging/sw":"https://www.gstatic.com/firebasejs/9.14.0/firebase-messaging/sw.js","database":"https://www.gstatic.com/firebasejs/9.14.0/firebase-database.js","firestore.memory":"https://www.gstatic.com/firebasejs/9.14.0/firebase-firestore.memory.js"}}
[debug] [2022-12-06T14:20:21.623Z] Error: ENOTDIR: not a directory, scandir 'C:\Users\pc\Desktop\discord\discord\Discord-Clone\y'
    at Object.readdirSync (node:fs:1445:3)
    at Object.createFileSync (C:\Users\pc\AppData\Roaming\npm\node_modules\firebase-tools\node_modules\fs-extra\lib\ensure\file.js:55:10)
    at Config.writeProjectFile (C:\Users\pc\AppData\Roaming\npm\node_modules\firebase-tools\lib\config.js:152:12)
    at C:\Users\pc\AppData\Roaming\npm\node_modules\firebase-tools\lib\config.js:176:22
    at process.processTicksAndRejections (node:internal/process/task_queues:95:5)
    at async doSetup (C:\Users\pc\AppData\Roaming\npm\node_modules\firebase-tools\lib\init\features\hosting\index.js:133:9)
    at async init (C:\Users\pc\AppData\Roaming\npm\node_modules\firebase-tools\lib\init\index.js:36:9)
[error] 
[error] Error: An unexpected error has occurred.
